
════════════════════════════════════════════════════════════════
  GETPACKETS — CONTINUOUS SCRAPER
  2026-04-08  |  Target: 1000 packets
  Tier 1: Legistar · PrimeGov · Granicus · Laserfiche · StatePortals
  Tier 2: CivicPlus · BoardDocs · Novus
  Tier 3: WebSearch · Custom
  Press Ctrl+C to stop
════════════════════════════════════════════════════════════════

  50 states with sources | 287 Legistar cities

  Session #21 started


────────────────────────────────────────────────────────────────
  PASS 1  |  32 packets  |  968 remaining
────────────────────────────────────────────────────────────────

▶ Virginia                  (32/1000)
    Legistar    :   0 packets  (22.3s)
    PrimeGov    :   0 packets  (131.5s)
    Granicus    :   0 packets  (186.3s)
    CivicPlus   :   0 packets  (74.1s)
    BoardDocs   :   0 packets  (27.5s)
    Novus       :   0 packets  (18.7s)
    WebSearch   :   0 packets  (21.2s)
    Custom      :   0 packets  (32.6s)
Traceback (most recent call last):
  File "/home/charley/Downloads/getpackets/run.py", line 426, in <module>
    main()
  File "/home/charley/Downloads/getpackets/run.py", line 393, in main
    collected, perf = scrape_state(
                      ^^^^^^^^^^^^^
  File "/home/charley/Downloads/getpackets/run.py", line 263, in scrape_state
    run_legistar(state, collected, max_p, processed)
                                          ^^^^^^^^^
NameError: name 'processed' is not defined
